<?xml version="1.0" encoding="UTF-8"?>
<!-- Generated by org.testng.reporters.JUnitXMLReporter -->
<testsuite hostname="Lenovo-PC" failures="0" tests="1" name="Test" time="56.92" errors="0" timestamp="16 Mar 2018 09:44:12 GMT">
  <testcase classname="example.NewTest" name="@BeforeTest beforeTest" time="0.0">
    <failure type="org.openqa.selenium.WebDriverException" message="Failed to connect to binary FirefoxBinary(C:\Program Files\Mozilla Firefox\firefox.exe) on port 7055; process output follows: 
69494221042282987webdriver-profile\\extensions\\fxdriver@googlecode.com&amp;quot;,&amp;quot;e&amp;quot;:false,&amp;quot;v&amp;quot;:&amp;quot;2.45.0&amp;quot;,&amp;quot;st&amp;quot;:1521193397669,&amp;quot;mt&amp;quot;:1521193397579}},&amp;quot;app-system-defaults&amp;quot;:{&amp;quot;e10srollout@mozilla.org&amp;quot;:{&amp;quot;d&amp;quot;:&amp;quot;C:\\Program Files\\Mozilla Firefox\\browser\\features\\e10srollout@mozilla.org.xpi&amp;quot;,&amp;quot;e&amp;quot;:true,&amp;quot;v&amp;quot;:&amp;quot;1.0&amp;quot;,&amp;quot;st&amp;quot;:1461281498000},&amp;quot;firefox@getpocket.com&amp;quot;:{&amp;quot;d&amp;quot;:&amp;quot;C:\\Program Files\\Mozilla Firefox\\browser\\features\\firefox@getpocket.com.xpi&amp;quot;,&amp;quot;e&amp;quot;:true,&amp;quot;v&amp;quot;:&amp;quot;1.0&amp;quot;,&amp;quot;st&amp;quot;:1461281498000},&amp;quot;loop@mozilla.org&amp;quot;:{&amp;quot;d&amp;quot;:&amp;quot;C:\\Program Files\\Mozilla Firefox\\browser\\features\\loop@mozilla.org.xpi&amp;quot;,&amp;quot;e&amp;quot;:true,&amp;quot;v&amp;quot;:&amp;quot;1.2.6&amp;quot;,&amp;quot;st&amp;quot;:1461281498000}},&amp;quot;app-global&amp;quot;:{&amp;quot;{972ce4c6-7e08-4474-a285-3208198ce6fd}&amp;quot;:{&amp;quot;d&amp;quot;:&amp;quot;C:\\Program Files\\Mozilla Firefox\\browser\\extensions\\{972ce4c6-7e08-4474-a285-3208198ce6fd}.xpi&amp;quot;,&amp;quot;e&amp;quot;:true,&amp;quot;v&amp;quot;:&amp;quot;46.0&amp;quot;,&amp;quot;st&amp;quot;:1461281498000}},&amp;quot;winreg-app-global&amp;quot;:{&amp;quot;light_plugin_448EC0843447455C9DA355B3C2811D6A@kaspersky.com&amp;quot;:{&amp;quot;d&amp;quot;:&amp;quot;C:\\Program Files (x86)\\Kaspersky Lab\\Kaspersky Total Security 18.0.0\\FFExt\\light_plugin_firefox\\addon.xpi&amp;quot;,&amp;quot;st&amp;quot;:1519279632458}}}
1521193406990	addons.xpi	DEBUG	No changes found
1521193407008	addons.xpi	DEBUG	Registering manifest for C:\Program Files\Mozilla Firefox\browser\features\e10srollout@mozilla.org.xpi
1521193407009	addons.xpi	DEBUG	Loading bootstrap scope from C:\Program Files\Mozilla Firefox\browser\features\e10srollout@mozilla.org.xpi
1521193407043	addons.xpi	DEBUG	Calling bootstrap method startup on e10srollout@mozilla.org version 1.0
1521193407044	addons.xpi	DEBUG	Registering manifest for C:\Program Files\Mozilla Firefox\browser\features\firefox@getpocket.com.xpi
1521193407046	addons.xpi	DEBUG	Loading bootstrap scope from C:\Program Files\Mozilla Firefox\browser\features\firefox@getpocket.com.xpi
1521193407058	addons.xpi	DEBUG	Calling bootstrap method startup on firefox@getpocket.com version 1.0
1521193407077	addons.xpi-utils	DEBUG	Starting async load of XPI database C:\Users\Asha\AppData\Local\Temp\anonymous11069494221042282987webdriver-profile\extensions.json
1521193407080	addons.xpi	DEBUG	Registering manifest for C:\Program Files\Mozilla Firefox\browser\features\loop@mozilla.org.xpi
1521193407082	addons.xpi	DEBUG	Loading bootstrap scope from C:\Program Files\Mozilla Firefox\browser\features\loop@mozilla.org.xpi
1521193407102	addons.xpi	DEBUG	Calling bootstrap method startup on loop@mozilla.org version 1.2.6
1521193407173	addons.manager	DEBUG	Registering shutdown blocker for XPIProvider
1521193407174	addons.manager	DEBUG	Provider finished startup: XPIProvider
1521193407174	addons.manager	DEBUG	Starting provider: LightweightThemeManager
1521193407175	addons.manager	DEBUG	Registering shutdown blocker for LightweightThemeManager
1521193407175	addons.manager	DEBUG	Provider finished startup: LightweightThemeManager
1521193407176	addons.manager	DEBUG	Starting provider: GMPProvider
1521193407192	addons.manager	DEBUG	Registering shutdown blocker for GMPProvider
1521193407193	addons.manager	DEBUG	Provider finished startup: GMPProvider
1521193407193	addons.manager	DEBUG	Starting provider: PluginProvider
1521193407194	addons.manager	DEBUG	Registering shutdown blocker for PluginProvider
1521193407195	addons.manager	DEBUG	Provider finished startup: PluginProvider
1521193407196	addons.manager	DEBUG	Completed startup sequence
1521193408005	addons.xpi-utils	DEBUG	Async JSON file read took 0 MS
1521193408006	addons.xpi-utils	DEBUG	Finished async read of XPI database, parsing...
1521193408010	addons.xpi-utils	DEBUG	Successfully read XPI database
1521193408037	addons.manager	DEBUG	Starting provider: &amp;lt;unnamed-provider&amp;gt;
1521193408037	addons.manager	DEBUG	Registering shutdown blocker for &amp;lt;unnamed-provider&amp;gt;
1521193408038	addons.manager	DEBUG	Provider finished startup: &amp;lt;unnamed-provider&amp;gt;
*** Blocklist::_loadBlocklistFromFile: blocklist is disabled
1521193408351	addons.manager	DEBUG	Starting provider: PreviousExperimentProvider
1521193408352	addons.manager	DEBUG	Registering shutdown blocker for PreviousExperimentProvider
1521193408352	addons.manager	DEBUG	Provider finished startup: PreviousExperimentProvider

Build info: version: &amp;apos;2.45.0&amp;apos;, revision: &amp;apos;5017cb8e7ca8e37638dc3091b2440b90a1d8686f&amp;apos;, time: &amp;apos;2015-02-27 09:10:26&amp;apos;
System info: host: &amp;apos;Lenovo-PC&amp;apos;, ip: &amp;apos;192.168.1.10&amp;apos;, os.name: &amp;apos;Windows 10&amp;apos;, os.arch: &amp;apos;amd64&amp;apos;, os.version: &amp;apos;10.0&amp;apos;, java.version: &amp;apos;9.0.4&amp;apos;
Driver info: driver.version: FirefoxDriver">
      <![CDATA[org.openqa.selenium.WebDriverException: Failed to connect to binary FirefoxBinary(C:\Program Files\Mozilla Firefox\firefox.exe) on port 7055; process output follows: 
69494221042282987webdriver-profile\\extensions\\fxdriver@googlecode.com","e":false,"v":"2.45.0","st":1521193397669,"mt":1521193397579}},"app-system-defaults":{"e10srollout@mozilla.org":{"d":"C:\\Program Files\\Mozilla Firefox\\browser\\features\\e10srollout@mozilla.org.xpi","e":true,"v":"1.0","st":1461281498000},"firefox@getpocket.com":{"d":"C:\\Program Files\\Mozilla Firefox\\browser\\features\\firefox@getpocket.com.xpi","e":true,"v":"1.0","st":1461281498000},"loop@mozilla.org":{"d":"C:\\Program Files\\Mozilla Firefox\\browser\\features\\loop@mozilla.org.xpi","e":true,"v":"1.2.6","st":1461281498000}},"app-global":{"{972ce4c6-7e08-4474-a285-3208198ce6fd}":{"d":"C:\\Program Files\\Mozilla Firefox\\browser\\extensions\\{972ce4c6-7e08-4474-a285-3208198ce6fd}.xpi","e":true,"v":"46.0","st":1461281498000}},"winreg-app-global":{"light_plugin_448EC0843447455C9DA355B3C2811D6A@kaspersky.com":{"d":"C:\\Program Files (x86)\\Kaspersky Lab\\Kaspersky Total Security 18.0.0\\FFExt\\light_plugin_firefox\\addon.xpi","st":1519279632458}}}
1521193406990	addons.xpi	DEBUG	No changes found
1521193407008	addons.xpi	DEBUG	Registering manifest for C:\Program Files\Mozilla Firefox\browser\features\e10srollout@mozilla.org.xpi
1521193407009	addons.xpi	DEBUG	Loading bootstrap scope from C:\Program Files\Mozilla Firefox\browser\features\e10srollout@mozilla.org.xpi
1521193407043	addons.xpi	DEBUG	Calling bootstrap method startup on e10srollout@mozilla.org version 1.0
1521193407044	addons.xpi	DEBUG	Registering manifest for C:\Program Files\Mozilla Firefox\browser\features\firefox@getpocket.com.xpi
1521193407046	addons.xpi	DEBUG	Loading bootstrap scope from C:\Program Files\Mozilla Firefox\browser\features\firefox@getpocket.com.xpi
1521193407058	addons.xpi	DEBUG	Calling bootstrap method startup on firefox@getpocket.com version 1.0
1521193407077	addons.xpi-utils	DEBUG	Starting async load of XPI database C:\Users\Asha\AppData\Local\Temp\anonymous11069494221042282987webdriver-profile\extensions.json
1521193407080	addons.xpi	DEBUG	Registering manifest for C:\Program Files\Mozilla Firefox\browser\features\loop@mozilla.org.xpi
1521193407082	addons.xpi	DEBUG	Loading bootstrap scope from C:\Program Files\Mozilla Firefox\browser\features\loop@mozilla.org.xpi
1521193407102	addons.xpi	DEBUG	Calling bootstrap method startup on loop@mozilla.org version 1.2.6
1521193407173	addons.manager	DEBUG	Registering shutdown blocker for XPIProvider
1521193407174	addons.manager	DEBUG	Provider finished startup: XPIProvider
1521193407174	addons.manager	DEBUG	Starting provider: LightweightThemeManager
1521193407175	addons.manager	DEBUG	Registering shutdown blocker for LightweightThemeManager
1521193407175	addons.manager	DEBUG	Provider finished startup: LightweightThemeManager
1521193407176	addons.manager	DEBUG	Starting provider: GMPProvider
1521193407192	addons.manager	DEBUG	Registering shutdown blocker for GMPProvider
1521193407193	addons.manager	DEBUG	Provider finished startup: GMPProvider
1521193407193	addons.manager	DEBUG	Starting provider: PluginProvider
1521193407194	addons.manager	DEBUG	Registering shutdown blocker for PluginProvider
1521193407195	addons.manager	DEBUG	Provider finished startup: PluginProvider
1521193407196	addons.manager	DEBUG	Completed startup sequence
1521193408005	addons.xpi-utils	DEBUG	Async JSON file read took 0 MS
1521193408006	addons.xpi-utils	DEBUG	Finished async read of XPI database, parsing...
1521193408010	addons.xpi-utils	DEBUG	Successfully read XPI database
1521193408037	addons.manager	DEBUG	Starting provider: <unnamed-provider>
1521193408037	addons.manager	DEBUG	Registering shutdown blocker for <unnamed-provider>
1521193408038	addons.manager	DEBUG	Provider finished startup: <unnamed-provider>
*** Blocklist::_loadBlocklistFromFile: blocklist is disabled
1521193408351	addons.manager	DEBUG	Starting provider: PreviousExperimentProvider
1521193408352	addons.manager	DEBUG	Registering shutdown blocker for PreviousExperimentProvider
1521193408352	addons.manager	DEBUG	Provider finished startup: PreviousExperimentProvider

Build info: version: '2.45.0', revision: '5017cb8e7ca8e37638dc3091b2440b90a1d8686f', time: '2015-02-27 09:10:26'
System info: host: 'Lenovo-PC', ip: '192.168.1.10', os.name: 'Windows 10', os.arch: 'amd64', os.version: '10.0', java.version: '9.0.4'
Driver info: driver.version: FirefoxDriver
	at org.openqa.selenium.firefox.internal.NewProfileExtensionConnection.start(NewProfileExtensionConnection.java:130)
	at org.openqa.selenium.firefox.FirefoxDriver.startClient(FirefoxDriver.java:246)
	at org.openqa.selenium.remote.RemoteWebDriver.<init>(RemoteWebDriver.java:114)
	at org.openqa.selenium.firefox.FirefoxDriver.<init>(FirefoxDriver.java:191)
	at org.openqa.selenium.firefox.FirefoxDriver.<init>(FirefoxDriver.java:186)
	at org.openqa.selenium.firefox.FirefoxDriver.<init>(FirefoxDriver.java:182)
	at org.openqa.selenium.firefox.FirefoxDriver.<init>(FirefoxDriver.java:95)
	at example.NewTest.beforeTest(NewTest.java:20)
Caused by: org.openqa.selenium.firefox.NotConnectedException: Unable to connect to host 127.0.0.1 on port 7055 after 45000 ms. Firefox console output:
69494221042282987webdriver-profile\\extensions\\fxdriver@googlecode.com","e":false,"v":"2.45.0","st":1521193397669,"mt":1521193397579}},"app-system-defaults":{"e10srollout@mozilla.org":{"d":"C:\\Program Files\\Mozilla Firefox\\browser\\features\\e10srollout@mozilla.org.xpi","e":true,"v":"1.0","st":1461281498000},"firefox@getpocket.com":{"d":"C:\\Program Files\\Mozilla Firefox\\browser\\features\\firefox@getpocket.com.xpi","e":true,"v":"1.0","st":1461281498000},"loop@mozilla.org":{"d":"C:\\Program Files\\Mozilla Firefox\\browser\\features\\loop@mozilla.org.xpi","e":true,"v":"1.2.6","st":1461281498000}},"app-global":{"{972ce4c6-7e08-4474-a285-3208198ce6fd}":{"d":"C:\\Program Files\\Mozilla Firefox\\browser\\extensions\\{972ce4c6-7e08-4474-a285-3208198ce6fd}.xpi","e":true,"v":"46.0","st":1461281498000}},"winreg-app-global":{"light_plugin_448EC0843447455C9DA355B3C2811D6A@kaspersky.com":{"d":"C:\\Program Files (x86)\\Kaspersky Lab\\Kaspersky Total Security 18.0.0\\FFExt\\light_plugin_firefox\\addon.xpi","st":1519279632458}}}
1521193406990	addons.xpi	DEBUG	No changes found
1521193407008	addons.xpi	DEBUG	Registering manifest for C:\Program Files\Mozilla Firefox\browser\features\e10srollout@mozilla.org.xpi
1521193407009	addons.xpi	DEBUG	Loading bootstrap scope from C:\Program Files\Mozilla Firefox\browser\features\e10srollout@mozilla.org.xpi
1521193407043	addons.xpi	DEBUG	Calling bootstrap method startup on e10srollout@mozilla.org version 1.0
1521193407044	addons.xpi	DEBUG	Registering manifest for C:\Program Files\Mozilla Firefox\browser\features\firefox@getpocket.com.xpi
1521193407046	addons.xpi	DEBUG	Loading bootstrap scope from C:\Program Files\Mozilla Firefox\browser\features\firefox@getpocket.com.xpi
1521193407058	addons.xpi	DEBUG	Calling bootstrap method startup on firefox@getpocket.com version 1.0
1521193407077	addons.xpi-utils	DEBUG	Starting async load of XPI database C:\Users\Asha\AppData\Local\Temp\anonymous11069494221042282987webdriver-profile\extensions.json
1521193407080	addons.xpi	DEBUG	Registering manifest for C:\Program Files\Mozilla Firefox\browser\features\loop@mozilla.org.xpi
1521193407082	addons.xpi	DEBUG	Loading bootstrap scope from C:\Program Files\Mozilla Firefox\browser\features\loop@mozilla.org.xpi
1521193407102	addons.xpi	DEBUG	Calling bootstrap method startup on loop@mozilla.org version 1.2.6
1521193407173	addons.manager	DEBUG	Registering shutdown blocker for XPIProvider
1521193407174	addons.manager	DEBUG	Provider finished startup: XPIProvider
1521193407174	addons.manager	DEBUG	Starting provider: LightweightThemeManager
1521193407175	addons.manager	DEBUG	Registering shutdown blocker for LightweightThemeManager
1521193407175	addons.manager	DEBUG	Provider finished startup: LightweightThemeManager
1521193407176	addons.manager	DEBUG	Starting provider: GMPProvider
1521193407192	addons.manager	DEBUG	Registering shutdown blocker for GMPProvider
1521193407193	addons.manager	DEBUG	Provider finished startup: GMPProvider
1521193407193	addons.manager	DEBUG	Starting provider: PluginProvider
1521193407194	addons.manager	DEBUG	Registering shutdown blocker for PluginProvider
1521193407195	addons.manager	DEBUG	Provider finished startup: PluginProvider
1521193407196	addons.manager	DEBUG	Completed startup sequence
1521193408005	addons.xpi-utils	DEBUG	Async JSON file read took 0 MS
1521193408006	addons.xpi-utils	DEBUG	Finished async read of XPI database, parsing...
1521193408010	addons.xpi-utils	DEBUG	Successfully read XPI database
1521193408037	addons.manager	DEBUG	Starting provider: <unnamed-provider>
1521193408037	addons.manager	DEBUG	Registering shutdown blocker for <unnamed-provider>
1521193408038	addons.manager	DEBUG	Provider finished startup: <unnamed-provider>
*** Blocklist::_loadBlocklistFromFile: blocklist is disabled
1521193408351	addons.manager	DEBUG	Starting provider: PreviousExperimentProvider
1521193408352	addons.manager	DEBUG	Registering shutdown blocker for PreviousExperimentProvider
1521193408352	addons.manager	DEBUG	Provider finished startup: PreviousExperimentProvider

	at org.openqa.selenium.firefox.internal.NewProfileExtensionConnection.start(NewProfileExtensionConnection.java:118)
	... 29 more
... Removed 22 stack frames]]>
    </failure>
  </testcase> <!-- @BeforeTest beforeTest -->
  <testcase classname="example.NewTest" name="@AfterTest afterTest" time="0.0">
    <skipped/>
  </testcase> <!-- @AfterTest afterTest -->
  <testcase classname="example.NewTest" name="testEasy" time="0.006">
    <skipped/>
  </testcase> <!-- testEasy -->
</testsuite> <!-- Test -->
